Watching for file changes with StatReloader
[14/Jan/2026 15:04:48] "HEAD /files/ HTTP/1.1" 200 16707
[14/Jan/2026 15:10:49] "GET / HTTP/1.1" 200 15761
[14/Jan/2026 15:10:49] "GET /files/ HTTP/1.1" 200 16707
[14/Jan/2026 15:10:49] "GET /login/ HTTP/1.1" 200 13972
[14/Jan/2026 15:11:13] "GET /login/ HTTP/1.1" 200 13972
[14/Jan/2026 15:11:14] "GET /static/app_core/css/style.css HTTP/1.1" 304 0
[14/Jan/2026 15:11:14] "GET /static/app_core/js/main.js HTTP/1.1" 304 0
[14/Jan/2026 15:11:18] "POST /login/ HTTP/1.1" 302 0
[14/Jan/2026 15:11:18] "GET /files/ HTTP/1.1" 200 19316
[14/Jan/2026 15:11:34] "POST /formations/files/upload/ HTTP/1.1" 200 91
[14/Jan/2026 15:11:35] "GET /files/ HTTP/1.1" 200 20842
[14/Jan/2026 15:11:35] "GET /static/app_core/css/style.css HTTP/1.1" 304 0
[14/Jan/2026 15:11:35] "GET /static/app_core/js/main.js HTTP/1.1" 304 0
[14/Jan/2026 15:13:55] "GET /formations/formations/ HTTP/1.1" 200 14558
[14/Jan/2026 15:13:55] "GET /static/app_core/css/style.css HTTP/1.1" 304 0
[14/Jan/2026 15:13:55] "GET /static/app_core/js/main.js HTTP/1.1" 304 0
[14/Jan/2026 15:13:56] "GET /formations/ HTTP/1.1" 200 14558
[14/Jan/2026 15:14:12] "GET /files/ HTTP/1.1" 200 20842
[14/Jan/2026 15:15:40] "GET /admin/ HTTP/1.1" 200 3384
[14/Jan/2026 15:15:40] "GET /static/admin/fonts/Roboto-Light-webfont.woff HTTP/1.1" 304 0
[14/Jan/2026 15:15:40] "GET /static/admin/img/icon-changelink.svg HTTP/1.1" 304 0
[14/Jan/2026 15:15:40] "GET /static/admin/css/dashboard.css HTTP/1.1" 304 0
[14/Jan/2026 15:15:40] "GET /static/admin/js/nav_sidebar.js HTTP/1.1" 304 0
[14/Jan/2026 15:15:40] "GET /static/admin/css/nav_sidebar.css HTTP/1.1" 304 0
[14/Jan/2026 15:15:40] "GET /static/admin/css/fonts.css HTTP/1.1" 304 0
[14/Jan/2026 15:15:40] "GET /static/admin/fonts/Roboto-Regular-webfont.woff HTTP/1.1" 304 0
[14/Jan/2026 15:15:40] "GET /static/admin/css/base.css HTTP/1.1" 304 0
[14/Jan/2026 15:15:40] "GET /static/admin/css/responsive.css HTTP/1.1" 304 0
[14/Jan/2026 15:15:40] "GET /static/admin/fonts/Roboto-Bold-webfont.woff HTTP/1.1" 304 0
[14/Jan/2026 15:15:40] "GET /static/admin/img/icon-addlink.svg HTTP/1.1" 304 0
[14/Jan/2026 15:15:47] "GET /admin/auth/user/ HTTP/1.1" 200 8053
[14/Jan/2026 15:15:47] "GET /static/admin/img/icon-yes.svg HTTP/1.1" 200 436
[14/Jan/2026 15:15:47] "GET /static/admin/img/sorting-icons.svg HTTP/1.1" 200 1097
[14/Jan/2026 15:15:47] "GET /static/admin/img/icon-viewlink.svg HTTP/1.1" 200 581
[14/Jan/2026 15:15:47] "GET /static/admin/css/changelists.css HTTP/1.1" 200 6302
[14/Jan/2026 15:15:47] "GET /static/admin/js/actions.js HTTP/1.1" 200 6783
[14/Jan/2026 15:15:47] "GET /static/admin/js/core.js HTTP/1.1" 200 5418
[14/Jan/2026 15:15:47] "GET /static/admin/js/jquery.init.js HTTP/1.1" 200 347
[14/Jan/2026 15:15:47] "GET /static/admin/js/admin/RelatedObjectLookups.js HTTP/1.1" 200 6078
[14/Jan/2026 15:15:47] "GET /static/admin/js/urlify.js HTTP/1.1" 200 8632
[14/Jan/2026 15:15:47] "GET /static/admin/js/prepopulate.js HTTP/1.1" 200 1531
[14/Jan/2026 15:15:47] "GET /static/admin/img/search.svg HTTP/1.1" 200 458
[14/Jan/2026 15:15:47] "GET /admin/jsi18n/ HTTP/1.1" 200 7478
[14/Jan/2026 15:15:47] "GET /static/admin/js/vendor/xregexp/xregexp.js HTTP/1.1" 200 232381
[14/Jan/2026 15:15:47] "GET /static/admin/js/vendor/jquery/jquery.js HTTP/1.1" 200 287630
[14/Jan/2026 15:15:47] "GET /static/admin/img/tooltag-add.svg HTTP/1.1" 200 331
[14/Jan/2026 15:15:50] "GET /admin/auth/group/ HTTP/1.1" 200 4852
[14/Jan/2026 15:15:50] "GET /static/admin/js/filters.js HTTP/1.1" 404 1784
[14/Jan/2026 15:15:50] "GET /admin/jsi18n/ HTTP/1.1" 200 7478
[14/Jan/2026 15:15:52] "GET /admin/auth/user/ HTTP/1.1" 200 8053
[14/Jan/2026 15:15:52] "GET /admin/jsi18n/ HTTP/1.1" 200 7478
[14/Jan/2026 15:54:32] "GET /formations/ HTTP/1.1" 200 14558
[14/Jan/2026 15:54:32] "GET /static/app_core/css/style.css HTTP/1.1" 304 0
[14/Jan/2026 15:54:32] "GET /static/app_core/js/main.js HTTP/1.1" 304 0
[14/Jan/2026 15:54:53] "GET /formations/formations/ HTTP/1.1" 200 14558
[14/Jan/2026 15:54:53] "GET /formations/ HTTP/1.1" 200 14558
[14/Jan/2026 15:54:55] "GET /formations/formations/ HTTP/1.1" 200 14558
[14/Jan/2026 15:54:57] "GET /formations/ HTTP/1.1" 200 14558
[14/Jan/2026 15:54:59] "GET /formations/formations/ HTTP/1.1" 200 14558
[14/Jan/2026 16:39:50] "GET /formations/formations/ HTTP/1.1" 200 14558
[14/Jan/2026 16:39:50] "GET /static/app_core/css/style.css HTTP/1.1" 304 0
[14/Jan/2026 16:39:50] "GET /static/app_core/js/main.js HTTP/1.1" 304 0
[14/Jan/2026 16:39:53] "GET /formations/specialite/genie-civil/ HTTP/1.1" 200 15040
[14/Jan/2026 17:22:38] "GET /formations/ HTTP/1.1" 200 14558
[14/Jan/2026 17:22:38] "GET /static/app_core/css/style.css HTTP/1.1" 304 0
[14/Jan/2026 17:22:38] "GET /static/app_core/js/main.js HTTP/1.1" 304 0
[14/Jan/2026 17:22:40] "GET /formations/formations/ HTTP/1.1" 200 14558
